<?xml version="1.0" encoding="UTF-8"?>
<!-- Generated by org.testng.reporters.JUnitReportReporter -->
<testsuite hostname="LTIN332923" failures="0" tests="1" name="testcases.HomepageTest" time="32.779" errors="0" timestamp="2023-05-08T14:01:25 IST" skipped="0">
  <testcase classname="testcases.HomepageTest" name="homepageLaunch" time="32.779"/>
  <system-out/>
</testsuite> <!-- testcases.HomepageTest -->
